<?xml version="1.0" encoding="UTF-8"?>
<!-- Generated by org.testng.reporters.JUnitXMLReporter -->
<testsuite ignored="0" hostname="MacBook-Pro.local" failures="0" tests="5" name="Default test" time="2.452" errors="0" timestamp="2023-09-29T16:37:40 EDT">
  <testcase classname="api_tests.CraterApiTests" name="fakerTest" time="0.118"/>
  <testcase classname="api_tests.CraterApiTests" name="login" time="1.359"/>
  <testcase classname="api_tests.CraterApiTests" name="create_an_item" time="0.535"/>
  <testcase classname="api_tests.CraterApiTests" name="delete_the_item" time="0.235"/>
  <testcase classname="api_tests.CraterApiTests" name="logout" time="0.176"/>
</testsuite> <!-- Default test -->
