<?xml version="1.0" encoding="UTF-8"?>
<testng-results ignored="0" total="5" passed="5" failed="0" skipped="0">
  <reporter-output>
  </reporter-output>
  <suite started-at="2023-09-29T16:37:38 EDT" name="Default suite" finished-at="2023-09-29T16:37:40 EDT" duration-ms="2452">
    <groups>
    </groups>
    <test started-at="2023-09-29T16:37:38 EDT" name="Default test" finished-at="2023-09-29T16:37:40 EDT" duration-ms="2452">
      <class name="api_tests.CraterApiTests">
        <test-method signature="fakerTest()[pri:0, instance:api_tests.CraterApiTests@5e0826e7]" started-at="2023-09-29T16:37:38 EDT" name="fakerTest" finished-at="2023-09-29T16:37:38 EDT" duration-ms="118" status="PASS">
          <reporter-output>
          </reporter-output>
        </test-method> <!-- fakerTest -->
        <test-method signature="login()[pri:0, instance:api_tests.CraterApiTests@5e0826e7]" started-at="2023-09-29T16:37:38 EDT" name="login" finished-at="2023-09-29T16:37:39 EDT" duration-ms="1359" status="PASS">
          <reporter-output>
          </reporter-output>
        </test-method> <!-- login -->
        <test-method signature="create_an_item()[pri:0, instance:api_tests.CraterApiTests@5e0826e7]" started-at="2023-09-29T16:37:39 EDT" name="create_an_item" finished-at="2023-09-29T16:37:40 EDT" depends-on-methods="api_tests.CraterApiTests.login" duration-ms="535" status="PASS">
          <reporter-output>
          </reporter-output>
        </test-method> <!-- create_an_item -->
        <test-method signature="delete_the_item()[pri:0, instance:api_tests.CraterApiTests@5e0826e7]" started-at="2023-09-29T16:37:40 EDT" name="delete_the_item" finished-at="2023-09-29T16:37:40 EDT" depends-on-methods="api_tests.CraterApiTests.create_an_item" duration-ms="235" status="PASS">
          <reporter-output>
          </reporter-output>
        </test-method> <!-- delete_the_item -->
        <test-method signature="logout()[pri:0, instance:api_tests.CraterApiTests@5e0826e7]" started-at="2023-09-29T16:37:40 EDT" name="logout" finished-at="2023-09-29T16:37:40 EDT" depends-on-methods="api_tests.CraterApiTests.delete_the_item" duration-ms="176" status="PASS">
          <reporter-output>
          </reporter-output>
        </test-method> <!-- logout -->
      </class> <!-- api_tests.CraterApiTests -->
    </test> <!-- Default test -->
  </suite> <!-- Default suite -->
</testng-results>
